<?xml version="1.0" encoding="UTF-8"?>
<testng-results ignored="0" total="1" passed="1" failed="0" skipped="0">
  <reporter-output>
  </reporter-output>
  <suite started-at="2024-11-07T20:19:54 IST" name="Default suite" finished-at="2024-11-07T20:19:54 IST" duration-ms="317">
    <groups>
    </groups>
    <test started-at="2024-11-07T20:19:54 IST" name="Default test" finished-at="2024-11-07T20:19:54 IST" duration-ms="317">
      <class name="practice.RetryAnalyserPractice">
        <test-method signature="sample()[pri:0, instance:practice.RetryAnalyserPractice@1ea9f6af]" started-at="2024-11-07T20:19:54 IST" name="sample" finished-at="2024-11-07T20:19:54 IST" duration-ms="72" status="PASS">
          <reporter-output>
          </reporter-output>
        </test-method> <!-- sample -->
      </class> <!-- practice.RetryAnalyserPractice -->
    </test> <!-- Default test -->
  </suite> <!-- Default suite -->
</testng-results>
